<?xml version="1.0" encoding="UTF-8"?>
<testng-results skipped="0" failed="0" ignored="0" total="1" passed="1">
  <reporter-output>
  </reporter-output>
  <suite name="Default suite" duration-ms="5107" started-at="2022-03-19T10:04:45Z" finished-at="2022-03-19T10:04:50Z">
    <groups>
    </groups>
    <test name="Default test" duration-ms="5107" started-at="2022-03-19T10:04:45Z" finished-at="2022-03-19T10:04:50Z">
      <class name="com.maven.One">
        <test-method status="PASS" signature="inernet()[pri:0, instance:com.maven.One@57fffcd7]" name="inernet" duration-ms="5081" started-at="2022-03-19T10:04:45Z" finished-at="2022-03-19T10:04:50Z">
          <reporter-output>
          </reporter-output>
        </test-method> <!-- inernet -->
      </class> <!-- com.maven.One -->
    </test> <!-- Default test -->
  </suite> <!-- Default suite -->
</testng-results>
